Copyright 1986-2023 Xilinx, Inc. All Rights Reserved.
--------------------------------------------------------------------------------------
| Tool Version : Vivado v.2022.2.2 (lin64) Build 3788238 Tue Feb 21 19:59:23 MST 2023
| Date         : Thu Mar 30 10:05:06 2023
| Host         : cad103.naist.jp running 64-bit CentOS Linux release 7.9.2009 (Core)
| Command      : upgrade_ip
| Device       : xcvp1802-lsvc4072-2MP-e-S
--------------------------------------------------------------------------------------

Upgrade Log for IP 'design_1_emax6_3_0'

1. Summary
----------

SUCCESS in the conversion of design_1_emax6_3_0 (comparch:user:emax6:1.0 (Rev. 2)) to Vivado generation flows.






Copyright 1986-2023 Xilinx, Inc. All Rights Reserved.
--------------------------------------------------------------------------------------
| Tool Version : Vivado v.2022.2.2 (lin64) Build 3788238 Tue Feb 21 19:59:23 MST 2023
| Date         : Thu Mar 30 10:05:05 2023
| Host         : cad103.naist.jp running 64-bit CentOS Linux release 7.9.2009 (Core)
| Command      : upgrade_ip
| Device       : xcvp1802-lsvc4072-2MP-e-S
--------------------------------------------------------------------------------------

Upgrade Log for IP 'design_1_emax6_2_1'

1. Summary
----------

SUCCESS in the conversion of design_1_emax6_2_1 (comparch:user:emax6:1.0 (Rev. 2)) to Vivado generation flows.






Copyright 1986-2023 Xilinx, Inc. All Rights Reserved.
--------------------------------------------------------------------------------------
| Tool Version : Vivado v.2022.2.2 (lin64) Build 3788238 Tue Feb 21 19:59:23 MST 2023
| Date         : Thu Mar 30 10:05:05 2023
| Host         : cad103.naist.jp running 64-bit CentOS Linux release 7.9.2009 (Core)
| Command      : upgrade_ip
| Device       : xcvp1802-lsvc4072-2MP-e-S
--------------------------------------------------------------------------------------

Upgrade Log for IP 'design_1_emax6_1_1'

1. Summary
----------

SUCCESS in the conversion of design_1_emax6_1_1 (comparch:user:emax6:1.0 (Rev. 2)) to Vivado generation flows.






Copyright 1986-2023 Xilinx, Inc. All Rights Reserved.
--------------------------------------------------------------------------------------
| Tool Version : Vivado v.2022.2.2 (lin64) Build 3788238 Tue Feb 21 19:59:23 MST 2023
| Date         : Thu Mar 30 10:05:05 2023
| Host         : cad103.naist.jp running 64-bit CentOS Linux release 7.9.2009 (Core)
| Command      : upgrade_ip
| Device       : xcvp1802-lsvc4072-2MP-e-S
--------------------------------------------------------------------------------------

Upgrade Log for IP 'design_1_emax6_0_1'

1. Summary
----------

SUCCESS in the conversion of design_1_emax6_0_1 (comparch:user:emax6:1.0 (Rev. 2)) to Vivado generation flows.






Copyright 1986-2023 Xilinx, Inc. All Rights Reserved.
--------------------------------------------------------------------------------------
| Tool Version : Vivado v.2022.2.2 (lin64) Build 3788238 Tue Feb 21 19:59:23 MST 2023
| Date         : Wed Mar 29 09:37:16 2023
| Host         : cad103.naist.jp running 64-bit CentOS Linux release 7.9.2009 (Core)
| Command      : upgrade_ip
| Device       : xcvp1802-lsvc4072-2MP-e-S
--------------------------------------------------------------------------------------

Upgrade Log for IP 'design_1_emax6_3_0'

1. Summary
----------

SUCCESS in the conversion of design_1_emax6_3_0 (comparch:user:emax6:1.0 (Rev. 2)) to Vivado generation flows.






Copyright 1986-2023 Xilinx, Inc. All Rights Reserved.
--------------------------------------------------------------------------------------
| Tool Version : Vivado v.2022.2.2 (lin64) Build 3788238 Tue Feb 21 19:59:23 MST 2023
| Date         : Wed Mar 29 09:37:16 2023
| Host         : cad103.naist.jp running 64-bit CentOS Linux release 7.9.2009 (Core)
| Command      : upgrade_ip
| Device       : xcvp1802-lsvc4072-2MP-e-S
--------------------------------------------------------------------------------------

Upgrade Log for IP 'design_1_emax6_2_1'

1. Summary
----------

SUCCESS in the conversion of design_1_emax6_2_1 (comparch:user:emax6:1.0 (Rev. 2)) to Vivado generation flows.






Copyright 1986-2023 Xilinx, Inc. All Rights Reserved.
--------------------------------------------------------------------------------------
| Tool Version : Vivado v.2022.2.2 (lin64) Build 3788238 Tue Feb 21 19:59:23 MST 2023
| Date         : Wed Mar 29 09:37:16 2023
| Host         : cad103.naist.jp running 64-bit CentOS Linux release 7.9.2009 (Core)
| Command      : upgrade_ip
| Device       : xcvp1802-lsvc4072-2MP-e-S
--------------------------------------------------------------------------------------

Upgrade Log for IP 'design_1_emax6_1_1'

1. Summary
----------

SUCCESS in the conversion of design_1_emax6_1_1 (comparch:user:emax6:1.0 (Rev. 2)) to Vivado generation flows.






Copyright 1986-2023 Xilinx, Inc. All Rights Reserved.
--------------------------------------------------------------------------------------
| Tool Version : Vivado v.2022.2.2 (lin64) Build 3788238 Tue Feb 21 19:59:23 MST 2023
| Date         : Wed Mar 29 09:37:16 2023
| Host         : cad103.naist.jp running 64-bit CentOS Linux release 7.9.2009 (Core)
| Command      : upgrade_ip
| Device       : xcvp1802-lsvc4072-2MP-e-S
--------------------------------------------------------------------------------------

Upgrade Log for IP 'design_1_emax6_0_1'

1. Summary
----------

SUCCESS in the conversion of design_1_emax6_0_1 (comparch:user:emax6:1.0 (Rev. 2)) to Vivado generation flows.






Copyright 1986-2023 Xilinx, Inc. All Rights Reserved.
--------------------------------------------------------------------------------------
| Tool Version : Vivado v.2022.2.2 (lin64) Build 3788238 Tue Feb 21 19:59:23 MST 2023
| Date         : Wed Mar 29 09:31:59 2023
| Host         : cad103.naist.jp running 64-bit CentOS Linux release 7.9.2009 (Core)
| Command      : upgrade_ip
| Device       : xcvp1802-lsvc4072-2MP-e-S
--------------------------------------------------------------------------------------

Upgrade Log for IP 'design_1_emax6_3_0'

1. Summary
----------

SUCCESS in the conversion of design_1_emax6_3_0 (comparch:user:emax6:1.0 (Rev. 2)) to Vivado generation flows.






Copyright 1986-2023 Xilinx, Inc. All Rights Reserved.
--------------------------------------------------------------------------------------
| Tool Version : Vivado v.2022.2.2 (lin64) Build 3788238 Tue Feb 21 19:59:23 MST 2023
| Date         : Wed Mar 29 09:31:59 2023
| Host         : cad103.naist.jp running 64-bit CentOS Linux release 7.9.2009 (Core)
| Command      : upgrade_ip
| Device       : xcvp1802-lsvc4072-2MP-e-S
--------------------------------------------------------------------------------------

Upgrade Log for IP 'design_1_emax6_2_1'

1. Summary
----------

SUCCESS in the conversion of design_1_emax6_2_1 (comparch:user:emax6:1.0 (Rev. 2)) to Vivado generation flows.






Copyright 1986-2023 Xilinx, Inc. All Rights Reserved.
--------------------------------------------------------------------------------------
| Tool Version : Vivado v.2022.2.2 (lin64) Build 3788238 Tue Feb 21 19:59:23 MST 2023
| Date         : Wed Mar 29 09:31:59 2023
| Host         : cad103.naist.jp running 64-bit CentOS Linux release 7.9.2009 (Core)
| Command      : upgrade_ip
| Device       : xcvp1802-lsvc4072-2MP-e-S
--------------------------------------------------------------------------------------

Upgrade Log for IP 'design_1_emax6_1_1'

1. Summary
----------

SUCCESS in the conversion of design_1_emax6_1_1 (comparch:user:emax6:1.0 (Rev. 2)) to Vivado generation flows.






Copyright 1986-2023 Xilinx, Inc. All Rights Reserved.
--------------------------------------------------------------------------------------
| Tool Version : Vivado v.2022.2.2 (lin64) Build 3788238 Tue Feb 21 19:59:23 MST 2023
| Date         : Wed Mar 29 09:31:59 2023
| Host         : cad103.naist.jp running 64-bit CentOS Linux release 7.9.2009 (Core)
| Command      : upgrade_ip
| Device       : xcvp1802-lsvc4072-2MP-e-S
--------------------------------------------------------------------------------------

Upgrade Log for IP 'design_1_emax6_0_1'

1. Summary
----------

SUCCESS in the conversion of design_1_emax6_0_1 (comparch:user:emax6:1.0 (Rev. 2)) to Vivado generation flows.






Copyright 1986-2023 Xilinx, Inc. All Rights Reserved.
--------------------------------------------------------------------------------------
| Tool Version : Vivado v.2022.2.2 (lin64) Build 3788238 Tue Feb 21 19:59:23 MST 2023
| Date         : Wed Mar 29 09:26:56 2023
| Host         : cad103.naist.jp running 64-bit CentOS Linux release 7.9.2009 (Core)
| Command      : upgrade_ip
| Device       : xcvp1802-lsvc4072-2MP-e-S
--------------------------------------------------------------------------------------

Upgrade Log for IP 'design_1_emax6_3_0'

1. Summary
----------

SUCCESS in the conversion of design_1_emax6_3_0 (comparch:user:emax6:1.0 (Rev. 2)) to Vivado generation flows.






Copyright 1986-2023 Xilinx, Inc. All Rights Reserved.
--------------------------------------------------------------------------------------
| Tool Version : Vivado v.2022.2.2 (lin64) Build 3788238 Tue Feb 21 19:59:23 MST 2023
| Date         : Wed Mar 29 09:26:56 2023
| Host         : cad103.naist.jp running 64-bit CentOS Linux release 7.9.2009 (Core)
| Command      : upgrade_ip
| Device       : xcvp1802-lsvc4072-2MP-e-S
--------------------------------------------------------------------------------------

Upgrade Log for IP 'design_1_emax6_2_1'

1. Summary
----------

SUCCESS in the conversion of design_1_emax6_2_1 (comparch:user:emax6:1.0 (Rev. 2)) to Vivado generation flows.






Copyright 1986-2023 Xilinx, Inc. All Rights Reserved.
--------------------------------------------------------------------------------------
| Tool Version : Vivado v.2022.2.2 (lin64) Build 3788238 Tue Feb 21 19:59:23 MST 2023
| Date         : Wed Mar 29 09:26:56 2023
| Host         : cad103.naist.jp running 64-bit CentOS Linux release 7.9.2009 (Core)
| Command      : upgrade_ip
| Device       : xcvp1802-lsvc4072-2MP-e-S
--------------------------------------------------------------------------------------

Upgrade Log for IP 'design_1_emax6_1_1'

1. Summary
----------

SUCCESS in the conversion of design_1_emax6_1_1 (comparch:user:emax6:1.0 (Rev. 2)) to Vivado generation flows.






Copyright 1986-2023 Xilinx, Inc. All Rights Reserved.
--------------------------------------------------------------------------------------
| Tool Version : Vivado v.2022.2.2 (lin64) Build 3788238 Tue Feb 21 19:59:23 MST 2023
| Date         : Wed Mar 29 09:26:56 2023
| Host         : cad103.naist.jp running 64-bit CentOS Linux release 7.9.2009 (Core)
| Command      : upgrade_ip
| Device       : xcvp1802-lsvc4072-2MP-e-S
--------------------------------------------------------------------------------------

Upgrade Log for IP 'design_1_emax6_0_1'

1. Summary
----------

SUCCESS in the conversion of design_1_emax6_0_1 (comparch:user:emax6:1.0 (Rev. 2)) to Vivado generation flows.






Copyright 1986-2021 Xilinx, Inc. All Rights Reserved.
-------------------------------------------------------------------------------------
| Tool Version : Vivado v.2021.2 (lin64) Build 3367213 Tue Oct 19 02:47:39 MDT 2021
| Date         : Thu Sep 22 12:34:55 2022
| Host         : cad111.naist.jp running 64-bit CentOS Linux release 7.9.2009 (Core)
| Command      : upgrade_ip
| Device       : xcvm1802-vsva2197-2MP-e-S
-------------------------------------------------------------------------------------

Upgrade Log for IP 'design_1_emax6_0_1'

1. Summary
----------

SUCCESS in the conversion of design_1_emax6_0_1 (comparch:user:emax6:1.0 (Rev. 2)) to Vivado generation flows.






Copyright 1986-2021 Xilinx, Inc. All Rights Reserved.
-------------------------------------------------------------------------------------
| Tool Version : Vivado v.2021.2 (lin64) Build 3367213 Tue Oct 19 02:47:39 MDT 2021
| Date         : Thu Sep 22 12:30:44 2022
| Host         : cad112.naist.jp running 64-bit CentOS Linux release 7.9.2009 (Core)
| Command      : upgrade_ip
| Device       : xcvm1802-vsva2197-2MP-e-S
-------------------------------------------------------------------------------------

Upgrade Log for IP 'design_1_emax6_0_1'

1. Summary
----------

SUCCESS in the conversion of design_1_emax6_0_1 (comparch:user:emax6:1.0 (Rev. 2)) to Vivado generation flows.






Copyright 1986-2021 Xilinx, Inc. All Rights Reserved.
-------------------------------------------------------------------------------------
| Tool Version : Vivado v.2021.2 (lin64) Build 3367213 Tue Oct 19 02:47:39 MDT 2021
| Date         : Thu Sep 22 12:22:31 2022
| Host         : cad112.naist.jp running 64-bit CentOS Linux release 7.9.2009 (Core)
| Command      : upgrade_ip
| Device       : xcvm1802-vsva2197-2MP-e-S
-------------------------------------------------------------------------------------

Upgrade Log for IP 'design_1_emax6_0_1'

1. Summary
----------

SUCCESS in the conversion of design_1_emax6_0_1 (comparch:user:emax6:1.0 (Rev. 2)) to Vivado generation flows.

